<?xml version="1.0" encoding="UTF-8"?>
<!-- Generated by org.testng.reporters.JUnitXMLReporter -->
<testsuite hostname="Giangs-MacBook-Pro.local" failures="2" tests="8" name="run" time="109.132" errors="0" timestamp="15 Apr 2020 02:55:19 GMT">
  <testcase classname="isobar.panasonic.functions.id_en.ID_EN_SubmiteWarrantyTest" name="prepare" time="59.879"/>
  <testcase classname="isobar.panasonic.functions.id_en.ID_EN_SubmiteWarrantyTest" name="submitWarrantyWithEmptySupportedDocument" time="18.868">
    <failure type="org.openqa.selenium.NoSuchElementException" message="Cannot locate element with text: CAMERA &amp;amp; CAMCORDERS
For documentation on this error, please visit: http://seleniumhq.org/exceptions/no_such_element.html
Build info: version: &amp;apos;3.141.5&amp;apos;, revision: &amp;apos;d54ebd709a&amp;apos;, time: &amp;apos;2018-11-06T11:42:16&amp;apos;
System info: host: &amp;apos;Giangs-MacBook-Pro.local&amp;apos;, ip: &amp;apos;fe80:0:0:0:4f6:feed:aa2e:702b%en0&amp;apos;, os.name: &amp;apos;Mac OS X&amp;apos;, os.arch: &amp;apos;x86_64&amp;apos;, os.version: &amp;apos;10.14.5&amp;apos;, java.version: &amp;apos;13.0.2&amp;apos;
Driver info: driver.version: unknown">
      <![CDATA[org.openqa.selenium.NoSuchElementException: Cannot locate element with text: CAMERA & CAMCORDERS
For documentation on this error, please visit: http://seleniumhq.org/exceptions/no_such_element.html
Build info: version: '3.141.5', revision: 'd54ebd709a', time: '2018-11-06T11:42:16'
System info: host: 'Giangs-MacBook-Pro.local', ip: 'fe80:0:0:0:4f6:feed:aa2e:702b%en0', os.name: 'Mac OS X', os.arch: 'x86_64', os.version: '10.14.5', java.version: '13.0.2'
Driver info: driver.version: unknown
	at org.openqa.selenium.support.ui.Select.selectByVisibleText(Select.java:141)
	at isobar.panasonic.page.fo.method.account.WarrantyPage.setProductCategory(WarrantyPage.java:55)
	at isobar.panasonic.page.fo.method.account.WarrantyPage.fillInProductInfoTHID(WarrantyPage.java:109)
	at isobar.panasonic.page.fo.method.account.WarrantyPage.fillInProductInfo(WarrantyPage.java:104)
	at isobar.panasonic.page.fo.method.account.WarrantyPage.submitWarranty(WarrantyPage.java:37)
	at isobar.panasonic.functions.id_en.ID_EN_SubmiteWarrantyTest.submitWarrantyWithEmptySupportedDocument(ID_EN_SubmiteWarrantyTest.java:63)
	at java.base/java.util.concurrent.ThreadPoolExecutor.runWorker(ThreadPoolExecutor.java:1128)
	at java.base/java.util.concurrent.ThreadPoolExecutor$Worker.run(ThreadPoolExecutor.java:628)
	at java.base/java.lang.Thread.run(Thread.java:830)
... Removed 18 stack frames]]>
    </failure>
  </testcase> <!-- submitWarrantyWithEmptySupportedDocument -->
  <testcase classname="isobar.panasonic.functions.id_en.ID_EN_SubmiteWarrantyTest" name="submitWarrantyWithInvalidSupportedDocument" time="14.018">
    <failure type="org.openqa.selenium.NoSuchElementException" message="Cannot locate element with text: CAMERA &amp;amp; CAMCORDERS
For documentation on this error, please visit: http://seleniumhq.org/exceptions/no_such_element.html
Build info: version: &amp;apos;3.141.5&amp;apos;, revision: &amp;apos;d54ebd709a&amp;apos;, time: &amp;apos;2018-11-06T11:42:16&amp;apos;
System info: host: &amp;apos;Giangs-MacBook-Pro.local&amp;apos;, ip: &amp;apos;fe80:0:0:0:4f6:feed:aa2e:702b%en0&amp;apos;, os.name: &amp;apos;Mac OS X&amp;apos;, os.arch: &amp;apos;x86_64&amp;apos;, os.version: &amp;apos;10.14.5&amp;apos;, java.version: &amp;apos;13.0.2&amp;apos;
Driver info: driver.version: unknown">
      <![CDATA[org.openqa.selenium.NoSuchElementException: Cannot locate element with text: CAMERA & CAMCORDERS
For documentation on this error, please visit: http://seleniumhq.org/exceptions/no_such_element.html
Build info: version: '3.141.5', revision: 'd54ebd709a', time: '2018-11-06T11:42:16'
System info: host: 'Giangs-MacBook-Pro.local', ip: 'fe80:0:0:0:4f6:feed:aa2e:702b%en0', os.name: 'Mac OS X', os.arch: 'x86_64', os.version: '10.14.5', java.version: '13.0.2'
Driver info: driver.version: unknown
	at org.openqa.selenium.support.ui.Select.selectByVisibleText(Select.java:141)
	at isobar.panasonic.page.fo.method.account.WarrantyPage.setProductCategory(WarrantyPage.java:55)
	at isobar.panasonic.page.fo.method.account.WarrantyPage.fillInProductInfoTHID(WarrantyPage.java:109)
	at isobar.panasonic.page.fo.method.account.WarrantyPage.fillInProductInfo(WarrantyPage.java:104)
	at isobar.panasonic.page.fo.method.account.WarrantyPage.submitWarranty(WarrantyPage.java:37)
	at isobar.panasonic.functions.id_en.ID_EN_SubmiteWarrantyTest.submitWarrantyWithInvalidSupportedDocument(ID_EN_SubmiteWarrantyTest.java:70)
	at java.base/java.util.concurrent.ThreadPoolExecutor.runWorker(ThreadPoolExecutor.java:1128)
	at java.base/java.util.concurrent.ThreadPoolExecutor$Worker.run(ThreadPoolExecutor.java:628)
	at java.base/java.lang.Thread.run(Thread.java:830)
... Removed 18 stack frames]]>
    </failure>
  </testcase> <!-- submitWarrantyWithInvalidSupportedDocument -->
  <testcase classname="isobar.panasonic.functions.id_en.ID_EN_SubmiteWarrantyTest" name="submitWarrantyWithEmptyProductCategory" time="0.0">
    <skipped/>
  </testcase> <!-- submitWarrantyWithEmptyProductCategory -->
  <testcase classname="isobar.panasonic.functions.id_en.ID_EN_SubmiteWarrantyTest" name="submitWarrantyWithEmptyModelNumber" time="0.0">
    <skipped/>
  </testcase> <!-- submitWarrantyWithEmptyModelNumber -->
  <testcase classname="isobar.panasonic.functions.id_en.ID_EN_SubmiteWarrantyTest" name="submitWarrantyWithEmptySerialNumber" time="0.0">
    <skipped/>
  </testcase> <!-- submitWarrantyWithEmptySerialNumber -->
  <testcase classname="isobar.panasonic.functions.id_en.ID_EN_SubmiteWarrantyTest" name="submitWarrantyWithEmptyDateOfPurchase" time="0.0">
    <skipped/>
  </testcase> <!-- submitWarrantyWithEmptyDateOfPurchase -->
  <testcase classname="isobar.panasonic.functions.id_en.ID_EN_SubmiteWarrantyTest" name="submitWarrantyWithValidInfo" time="0.0">
    <skipped/>
  </testcase> <!-- submitWarrantyWithValidInfo -->
</testsuite> <!-- run -->
