<?xml version="1.0" encoding="UTF-8"?>
<!-- Generated by org.testng.reporters.JUnitReportReporter -->
<testsuite hostname="Giangs-MacBook-Pro.local" failures="0" tests="8" name="isobar.panasonic.functions.id_en.ID_EN_SubmiteWarrantyTest" time="93.844" errors="7" timestamp="15 Apr 2020 02:55:21 GMT">
  <testcase classname="isobar.panasonic.functions.id_en.ID_EN_SubmiteWarrantyTest" name="submitWarrantyWithEmptyDateOfPurchase" time="0.000">
    <error message="Method ID_EN_SubmiteWarrantyTest.submitWarrantyWithEmptyDateOfPurchase()[pri:0, instance:isobar.panasonic.functions.id_en.ID_EN_SubmiteWarrantyTest@352e612e] depends on not successfully finished methods" type="java.lang.Throwable">
      <![CDATA[java.lang.Throwable: Method ID_EN_SubmiteWarrantyTest.submitWarrantyWithEmptyDateOfPurchase()[pri:0, instance:isobar.panasonic.functions.id_en.ID_EN_SubmiteWarrantyTest@352e612e] depends on not successfully finished methods
	at org.testng.internal.Invoker.invokeTestMethods(Invoker.java:1033)
	at org.testng.internal.TestMethodWorker.invokeTestMethods(TestMethodWorker.java:125)
	at org.testng.internal.TestMethodWorker.run(TestMethodWorker.java:108)
	at org.testng.TestRunner.privateRun(TestRunner.java:774)
	at org.testng.TestRunner.run(TestRunner.java:624)
	at org.testng.SuiteRunner.runTest(SuiteRunner.java:359)
	at org.testng.SuiteRunner.runSequentially(SuiteRunner.java:354)
	at org.testng.SuiteRunner.privateRun(SuiteRunner.java:312)
	at org.testng.SuiteRunner.run(SuiteRunner.java:261)
	at org.testng.SuiteRunnerWorker.runSuite(SuiteRunnerWorker.java:52)
	at org.testng.SuiteRunnerWorker.run(SuiteRunnerWorker.java:86)
	at java.base/java.util.concurrent.ThreadPoolExecutor.runWorker(ThreadPoolExecutor.java:1128)
	at java.base/java.util.concurrent.ThreadPoolExecutor$Worker.run(ThreadPoolExecutor.java:628)
	at java.base/java.lang.Thread.run(Thread.java:830)
]]>
    </error>
  </testcase> <!-- submitWarrantyWithEmptyDateOfPurchase -->
  <testcase classname="isobar.panasonic.functions.id_en.ID_EN_SubmiteWarrantyTest" name="submitWarrantyWithEmptyProductCategory" time="0.000">
    <error message="Method ID_EN_SubmiteWarrantyTest.submitWarrantyWithEmptyProductCategory()[pri:0, instance:isobar.panasonic.functions.id_en.ID_EN_SubmiteWarrantyTest@352e612e] depends on not successfully finished methods" type="java.lang.Throwable">
      <![CDATA[java.lang.Throwable: Method ID_EN_SubmiteWarrantyTest.submitWarrantyWithEmptyProductCategory()[pri:0, instance:isobar.panasonic.functions.id_en.ID_EN_SubmiteWarrantyTest@352e612e] depends on not successfully finished methods
	at org.testng.internal.Invoker.invokeTestMethods(Invoker.java:1033)
	at org.testng.internal.TestMethodWorker.invokeTestMethods(TestMethodWorker.java:125)
	at org.testng.internal.TestMethodWorker.run(TestMethodWorker.java:108)
	at org.testng.TestRunner.privateRun(TestRunner.java:774)
	at org.testng.TestRunner.run(TestRunner.java:624)
	at org.testng.SuiteRunner.runTest(SuiteRunner.java:359)
	at org.testng.SuiteRunner.runSequentially(SuiteRunner.java:354)
	at org.testng.SuiteRunner.privateRun(SuiteRunner.java:312)
	at org.testng.SuiteRunner.run(SuiteRunner.java:261)
	at org.testng.SuiteRunnerWorker.runSuite(SuiteRunnerWorker.java:52)
	at org.testng.SuiteRunnerWorker.run(SuiteRunnerWorker.java:86)
	at java.base/java.util.concurrent.ThreadPoolExecutor.runWorker(ThreadPoolExecutor.java:1128)
	at java.base/java.util.concurrent.ThreadPoolExecutor$Worker.run(ThreadPoolExecutor.java:628)
	at java.base/java.lang.Thread.run(Thread.java:830)
]]>
    </error>
  </testcase> <!-- submitWarrantyWithEmptyProductCategory -->
  <testcase classname="isobar.panasonic.functions.id_en.ID_EN_SubmiteWarrantyTest" name="prepare" time="59.881"/>
  <testcase classname="isobar.panasonic.functions.id_en.ID_EN_SubmiteWarrantyTest" name="submitWarrantyWithInvalidSupportedDocument" time="14.551">
    <error message="Cannot locate element with text: CAMERA &amp; CAMCORDERS
For documentation on this error, please visit: http://seleniumhq.org/exceptions/no_such_element.html
Build info: version: &#039;3.141.5&#039;, revision: &#039;d54ebd709a&#039;, time: &#039;2018-11-06T11:42:16&#039;
System info: host: &#039;Giangs-MacBook-Pro.local&#039;, ip: &#039;fe80:0:0:0:4f6:feed:aa2e:702b%en0&#039;, os.name: &#039;Mac OS X&#039;, os.arch: &#039;x86_64&#039;, os.version: &#039;10.14.5&#039;, java.version: &#039;13.0.2&#039;
Driver info: driver.version: unknown" type="org.openqa.selenium.NoSuchElementException">
      <![CDATA[org.openqa.selenium.NoSuchElementException: Cannot locate element with text: CAMERA & CAMCORDERS
For documentation on this error, please visit: http://seleniumhq.org/exceptions/no_such_element.html
Build info: version: '3.141.5', revision: 'd54ebd709a', time: '2018-11-06T11:42:16'
System info: host: 'Giangs-MacBook-Pro.local', ip: 'fe80:0:0:0:4f6:feed:aa2e:702b%en0', os.name: 'Mac OS X', os.arch: 'x86_64', os.version: '10.14.5', java.version: '13.0.2'
Driver info: driver.version: unknown
	at org.openqa.selenium.support.ui.Select.selectByVisibleText(Select.java:141)
	at isobar.panasonic.page.fo.method.account.WarrantyPage.setProductCategory(WarrantyPage.java:55)
	at isobar.panasonic.page.fo.method.account.WarrantyPage.fillInProductInfoTHID(WarrantyPage.java:109)
	at isobar.panasonic.page.fo.method.account.WarrantyPage.fillInProductInfo(WarrantyPage.java:104)
	at isobar.panasonic.page.fo.method.account.WarrantyPage.submitWarranty(WarrantyPage.java:37)
	at isobar.panasonic.functions.id_en.ID_EN_SubmiteWarrantyTest.submitWarrantyWithInvalidSupportedDocument(ID_EN_SubmiteWarrantyTest.java:70)
	at java.base/jdk.internal.reflect.NativeMethodAccessorImpl.invoke0(Native Method)
	at java.base/jdk.internal.reflect.NativeMethodAccessorImpl.invoke(NativeMethodAccessorImpl.java:62)
	at java.base/jdk.internal.reflect.DelegatingMethodAccessorImpl.invoke(DelegatingMethodAccessorImpl.java:43)
	at java.base/java.lang.reflect.Method.invoke(Method.java:567)
	at org.testng.internal.MethodInvocationHelper.invokeMethod(MethodInvocationHelper.java:85)
	at org.testng.internal.Invoker.invokeMethod(Invoker.java:639)
	at org.testng.internal.Invoker.invokeTestMethod(Invoker.java:816)
	at org.testng.internal.Invoker.invokeTestMethods(Invoker.java:1124)
	at org.testng.internal.TestMethodWorker.invokeTestMethods(TestMethodWorker.java:125)
	at org.testng.internal.TestMethodWorker.run(TestMethodWorker.java:108)
	at org.testng.TestRunner.privateRun(TestRunner.java:774)
	at org.testng.TestRunner.run(TestRunner.java:624)
	at org.testng.SuiteRunner.runTest(SuiteRunner.java:359)
	at org.testng.SuiteRunner.runSequentially(SuiteRunner.java:354)
	at org.testng.SuiteRunner.privateRun(SuiteRunner.java:312)
	at org.testng.SuiteRunner.run(SuiteRunner.java:261)
	at org.testng.SuiteRunnerWorker.runSuite(SuiteRunnerWorker.java:52)
	at org.testng.SuiteRunnerWorker.run(SuiteRunnerWorker.java:86)
	at java.base/java.util.concurrent.ThreadPoolExecutor.runWorker(ThreadPoolExecutor.java:1128)
	at java.base/java.util.concurrent.ThreadPoolExecutor$Worker.run(ThreadPoolExecutor.java:628)
	at java.base/java.lang.Thread.run(Thread.java:830)
]]>
    </error>
  </testcase> <!-- submitWarrantyWithInvalidSupportedDocument -->
  <testcase classname="isobar.panasonic.functions.id_en.ID_EN_SubmiteWarrantyTest" name="submitWarrantyWithEmptySerialNumber" time="0.000">
    <error message="Method ID_EN_SubmiteWarrantyTest.submitWarrantyWithEmptySerialNumber()[pri:0, instance:isobar.panasonic.functions.id_en.ID_EN_SubmiteWarrantyTest@352e612e] depends on not successfully finished methods" type="java.lang.Throwable">
      <![CDATA[java.lang.Throwable: Method ID_EN_SubmiteWarrantyTest.submitWarrantyWithEmptySerialNumber()[pri:0, instance:isobar.panasonic.functions.id_en.ID_EN_SubmiteWarrantyTest@352e612e] depends on not successfully finished methods
	at org.testng.internal.Invoker.invokeTestMethods(Invoker.java:1033)
	at org.testng.internal.TestMethodWorker.invokeTestMethods(TestMethodWorker.java:125)
	at org.testng.internal.TestMethodWorker.run(TestMethodWorker.java:108)
	at org.testng.TestRunner.privateRun(TestRunner.java:774)
	at org.testng.TestRunner.run(TestRunner.java:624)
	at org.testng.SuiteRunner.runTest(SuiteRunner.java:359)
	at org.testng.SuiteRunner.runSequentially(SuiteRunner.java:354)
	at org.testng.SuiteRunner.privateRun(SuiteRunner.java:312)
	at org.testng.SuiteRunner.run(SuiteRunner.java:261)
	at org.testng.SuiteRunnerWorker.runSuite(SuiteRunnerWorker.java:52)
	at org.testng.SuiteRunnerWorker.run(SuiteRunnerWorker.java:86)
	at java.base/java.util.concurrent.ThreadPoolExecutor.runWorker(ThreadPoolExecutor.java:1128)
	at java.base/java.util.concurrent.ThreadPoolExecutor$Worker.run(ThreadPoolExecutor.java:628)
	at java.base/java.lang.Thread.run(Thread.java:830)
]]>
    </error>
  </testcase> <!-- submitWarrantyWithEmptySerialNumber -->
  <testcase classname="isobar.panasonic.functions.id_en.ID_EN_SubmiteWarrantyTest" name="submitWarrantyWithEmptySupportedDocument" time="19.412">
    <error message="Cannot locate element with text: CAMERA &amp; CAMCORDERS
For documentation on this error, please visit: http://seleniumhq.org/exceptions/no_such_element.html
Build info: version: &#039;3.141.5&#039;, revision: &#039;d54ebd709a&#039;, time: &#039;2018-11-06T11:42:16&#039;
System info: host: &#039;Giangs-MacBook-Pro.local&#039;, ip: &#039;fe80:0:0:0:4f6:feed:aa2e:702b%en0&#039;, os.name: &#039;Mac OS X&#039;, os.arch: &#039;x86_64&#039;, os.version: &#039;10.14.5&#039;, java.version: &#039;13.0.2&#039;
Driver info: driver.version: unknown" type="org.openqa.selenium.NoSuchElementException">
      <![CDATA[org.openqa.selenium.NoSuchElementException: Cannot locate element with text: CAMERA & CAMCORDERS
For documentation on this error, please visit: http://seleniumhq.org/exceptions/no_such_element.html
Build info: version: '3.141.5', revision: 'd54ebd709a', time: '2018-11-06T11:42:16'
System info: host: 'Giangs-MacBook-Pro.local', ip: 'fe80:0:0:0:4f6:feed:aa2e:702b%en0', os.name: 'Mac OS X', os.arch: 'x86_64', os.version: '10.14.5', java.version: '13.0.2'
Driver info: driver.version: unknown
	at org.openqa.selenium.support.ui.Select.selectByVisibleText(Select.java:141)
	at isobar.panasonic.page.fo.method.account.WarrantyPage.setProductCategory(WarrantyPage.java:55)
	at isobar.panasonic.page.fo.method.account.WarrantyPage.fillInProductInfoTHID(WarrantyPage.java:109)
	at isobar.panasonic.page.fo.method.account.WarrantyPage.fillInProductInfo(WarrantyPage.java:104)
	at isobar.panasonic.page.fo.method.account.WarrantyPage.submitWarranty(WarrantyPage.java:37)
	at isobar.panasonic.functions.id_en.ID_EN_SubmiteWarrantyTest.submitWarrantyWithEmptySupportedDocument(ID_EN_SubmiteWarrantyTest.java:63)
	at java.base/jdk.internal.reflect.NativeMethodAccessorImpl.invoke0(Native Method)
	at java.base/jdk.internal.reflect.NativeMethodAccessorImpl.invoke(NativeMethodAccessorImpl.java:62)
	at java.base/jdk.internal.reflect.DelegatingMethodAccessorImpl.invoke(DelegatingMethodAccessorImpl.java:43)
	at java.base/java.lang.reflect.Method.invoke(Method.java:567)
	at org.testng.internal.MethodInvocationHelper.invokeMethod(MethodInvocationHelper.java:85)
	at org.testng.internal.Invoker.invokeMethod(Invoker.java:639)
	at org.testng.internal.Invoker.invokeTestMethod(Invoker.java:816)
	at org.testng.internal.Invoker.invokeTestMethods(Invoker.java:1124)
	at org.testng.internal.TestMethodWorker.invokeTestMethods(TestMethodWorker.java:125)
	at org.testng.internal.TestMethodWorker.run(TestMethodWorker.java:108)
	at org.testng.TestRunner.privateRun(TestRunner.java:774)
	at org.testng.TestRunner.run(TestRunner.java:624)
	at org.testng.SuiteRunner.runTest(SuiteRunner.java:359)
	at org.testng.SuiteRunner.runSequentially(SuiteRunner.java:354)
	at org.testng.SuiteRunner.privateRun(SuiteRunner.java:312)
	at org.testng.SuiteRunner.run(SuiteRunner.java:261)
	at org.testng.SuiteRunnerWorker.runSuite(SuiteRunnerWorker.java:52)
	at org.testng.SuiteRunnerWorker.run(SuiteRunnerWorker.java:86)
	at java.base/java.util.concurrent.ThreadPoolExecutor.runWorker(ThreadPoolExecutor.java:1128)
	at java.base/java.util.concurrent.ThreadPoolExecutor$Worker.run(ThreadPoolExecutor.java:628)
	at java.base/java.lang.Thread.run(Thread.java:830)
]]>
    </error>
  </testcase> <!-- submitWarrantyWithEmptySupportedDocument -->
  <testcase classname="isobar.panasonic.functions.id_en.ID_EN_SubmiteWarrantyTest" name="submitWarrantyWithEmptyModelNumber" time="0.000">
    <error message="Method ID_EN_SubmiteWarrantyTest.submitWarrantyWithEmptyModelNumber()[pri:0, instance:isobar.panasonic.functions.id_en.ID_EN_SubmiteWarrantyTest@352e612e] depends on not successfully finished methods" type="java.lang.Throwable">
      <![CDATA[java.lang.Throwable: Method ID_EN_SubmiteWarrantyTest.submitWarrantyWithEmptyModelNumber()[pri:0, instance:isobar.panasonic.functions.id_en.ID_EN_SubmiteWarrantyTest@352e612e] depends on not successfully finished methods
	at org.testng.internal.Invoker.invokeTestMethods(Invoker.java:1033)
	at org.testng.internal.TestMethodWorker.invokeTestMethods(TestMethodWorker.java:125)
	at org.testng.internal.TestMethodWorker.run(TestMethodWorker.java:108)
	at org.testng.TestRunner.privateRun(TestRunner.java:774)
	at org.testng.TestRunner.run(TestRunner.java:624)
	at org.testng.SuiteRunner.runTest(SuiteRunner.java:359)
	at org.testng.SuiteRunner.runSequentially(SuiteRunner.java:354)
	at org.testng.SuiteRunner.privateRun(SuiteRunner.java:312)
	at org.testng.SuiteRunner.run(SuiteRunner.java:261)
	at org.testng.SuiteRunnerWorker.runSuite(SuiteRunnerWorker.java:52)
	at org.testng.SuiteRunnerWorker.run(SuiteRunnerWorker.java:86)
	at java.base/java.util.concurrent.ThreadPoolExecutor.runWorker(ThreadPoolExecutor.java:1128)
	at java.base/java.util.concurrent.ThreadPoolExecutor$Worker.run(ThreadPoolExecutor.java:628)
	at java.base/java.lang.Thread.run(Thread.java:830)
]]>
    </error>
  </testcase> <!-- submitWarrantyWithEmptyModelNumber -->
  <testcase classname="isobar.panasonic.functions.id_en.ID_EN_SubmiteWarrantyTest" name="submitWarrantyWithValidInfo" time="0.000">
    <error message="Method ID_EN_SubmiteWarrantyTest.submitWarrantyWithValidInfo()[pri:0, instance:isobar.panasonic.functions.id_en.ID_EN_SubmiteWarrantyTest@352e612e] depends on not successfully finished methods" type="java.lang.Throwable">
      <![CDATA[java.lang.Throwable: Method ID_EN_SubmiteWarrantyTest.submitWarrantyWithValidInfo()[pri:0, instance:isobar.panasonic.functions.id_en.ID_EN_SubmiteWarrantyTest@352e612e] depends on not successfully finished methods
	at org.testng.internal.Invoker.invokeTestMethods(Invoker.java:1033)
	at org.testng.internal.TestMethodWorker.invokeTestMethods(TestMethodWorker.java:125)
	at org.testng.internal.TestMethodWorker.run(TestMethodWorker.java:108)
	at org.testng.TestRunner.privateRun(TestRunner.java:774)
	at org.testng.TestRunner.run(TestRunner.java:624)
	at org.testng.SuiteRunner.runTest(SuiteRunner.java:359)
	at org.testng.SuiteRunner.runSequentially(SuiteRunner.java:354)
	at org.testng.SuiteRunner.privateRun(SuiteRunner.java:312)
	at org.testng.SuiteRunner.run(SuiteRunner.java:261)
	at org.testng.SuiteRunnerWorker.runSuite(SuiteRunnerWorker.java:52)
	at org.testng.SuiteRunnerWorker.run(SuiteRunnerWorker.java:86)
	at java.base/java.util.concurrent.ThreadPoolExecutor.runWorker(ThreadPoolExecutor.java:1128)
	at java.base/java.util.concurrent.ThreadPoolExecutor$Worker.run(ThreadPoolExecutor.java:628)
	at java.base/java.lang.Thread.run(Thread.java:830)
]]>
    </error>
  </testcase> <!-- submitWarrantyWithValidInfo -->
</testsuite> <!-- isobar.panasonic.functions.id_en.ID_EN_SubmiteWarrantyTest -->
